<?xml version="1.0" encoding="UTF-8"?>
<!-- Generated by org.testng.reporters.JUnitReportReporter -->
<testsuite hostname="DESKTOP-32G6AB1" failures="0" tests="1" name="e_commerce.Ajio" time="18.745" errors="0" timestamp="2023-12-08T12:08:55 IST" skipped="0">
  <testcase classname="e_commerce.Ajio" name="ajio" time="18.745"/>
  <system-out>
    <![CDATA[Opening Ajio]]>
  </system-out>
</testsuite> <!-- e_commerce.Ajio -->
