<?xml version="1.0" encoding="UTF-8"?>
<!-- Generated by org.testng.reporters.JUnitReportReporter -->
<testsuite hostname="DESKTOP-32G6AB1" failures="0" tests="1" name="e_commerce.NewTest" time="0.009" errors="0" timestamp="2023-12-08T12:07:31 IST" skipped="0">
  <testcase classname="e_commerce.NewTest" name="f" time="0.009"/>
  <system-out/>
</testsuite> <!-- e_commerce.NewTest -->
