<?xml version="1.0" encoding="UTF-8"?>
<!-- Generated by org.testng.reporters.JUnitReportReporter -->
<testsuite hostname="DESKTOP-32G6AB1" failures="0" tests="1" name="e_commerce.Amazon" time="2.884" errors="0" timestamp="2023-12-08T12:08:55 IST" skipped="0">
  <testcase classname="e_commerce.Amazon" name="amzon" time="2.884"/>
  <system-out>
    <![CDATA[Opening Amazon]]>
  </system-out>
</testsuite> <!-- e_commerce.Amazon -->
