<?xml version="1.0" encoding="UTF-8"?>
<!-- Generated by org.testng.reporters.JUnitReportReporter -->
<testsuite hostname="DESKTOP-32G6AB1" failures="0" tests="1" name="e_commerce.Flipkart" time="6.316" errors="0" timestamp="2023-12-08T12:08:55 IST" skipped="0">
  <testcase classname="e_commerce.Flipkart" name="flipkart" time="6.316"/>
  <system-out>
    <![CDATA[Opening Flipkart]]>
  </system-out>
</testsuite> <!-- e_commerce.Flipkart -->
